  queue_simulator.cpp
D:\CS2040C\Assignments\Assignment 4\queue_simulator.cpp(27,43): warning C4244: 'initializing': conversion from '__int64' to 'int', possible loss of data
D:\CS2040C\Assignments\Assignment 4\queue_simulator.cpp(34,108): warning C4244: '=': conversion from '__int64' to 'int', possible loss of data
D:\CS2040C\Assignments\Assignment 4\queue_simulator.cpp(44,39): warning C4244: 'initializing': conversion from '__int64' to 'int', possible loss of data
D:\CS2040C\Assignments\Assignment 4\heap.hpp(70,26): error C2676: binary '>=': 'T' does not define this operator or a conversion to a type acceptable to the predefined operator
D:\CS2040C\Assignments\Assignment 4\heap.hpp(70,26): error C2676:         with
D:\CS2040C\Assignments\Assignment 4\heap.hpp(70,26): error C2676:         [
D:\CS2040C\Assignments\Assignment 4\heap.hpp(70,26): error C2676:             T=Customer
D:\CS2040C\Assignments\Assignment 4\heap.hpp(70,26): error C2676:         ]
  (compiling source file 'queue_simulator.cpp')
      D:\Visual Studio\Visual Studio\VC\Tools\MSVC\14.41.34120\include\memory(3720,30):
      could be 'bool std::operator >=(std::nullptr_t,const std::unique_ptr<_Ty,_Dx> &)'
          D:\CS2040C\Assignments\Assignment 4\heap.hpp(70,24):
          'bool std::operator >=(std::nullptr_t,const std::unique_ptr<_Ty,_Dx> &)': could not deduce template argument for 'const std::unique_ptr<_Ty,_Dx> &' from 'T'
          with
          [
              T=Customer
          ]
      D:\Visual Studio\Visual Studio\VC\Tools\MSVC\14.41.34120\include\memory(3715,30):
      or       'bool std::operator >=(const std::unique_ptr<_Ty,_Dx> &,std::nullptr_t)'
          D:\CS2040C\Assignments\Assignment 4\heap.hpp(70,24):
          'bool std::operator >=(const std::unique_ptr<_Ty,_Dx> &,std::nullptr_t)': could not deduce template argument for 'const std::unique_ptr<_Ty,_Dx> &' from 'T'
          with
          [
              T=Customer
          ]
      D:\Visual Studio\Visual Studio\VC\Tools\MSVC\14.41.34120\include\memory(3653,17):
      or       'bool std::operator >=(const std::unique_ptr<_Ty,_Dx> &,const std::unique_ptr<_Ty2,_Dx2> &)'
          D:\CS2040C\Assignments\Assignment 4\heap.hpp(70,24):
          'bool std::operator >=(const std::unique_ptr<_Ty,_Dx> &,const std::unique_ptr<_Ty2,_Dx2> &)': could not deduce template argument for 'const std::unique_ptr<_Ty,_Dx> &' from 'T'
          with
          [
              T=Customer
          ]
      D:\Visual Studio\Visual Studio\VC\Tools\MSVC\14.41.34120\include\memory(1953,17):
      or       'bool std::operator >=(std::nullptr_t,const std::shared_ptr<_Ty> &) noexcept'
          D:\CS2040C\Assignments\Assignment 4\heap.hpp(70,24):
          'bool std::operator >=(std::nullptr_t,const std::shared_ptr<_Ty> &) noexcept': could not deduce template argument for 'const std::shared_ptr<_Ty> &' from 'T'
          with
          [
              T=Customer
          ]
      D:\Visual Studio\Visual Studio\VC\Tools\MSVC\14.41.34120\include\memory(1948,17):
      or       'bool std::operator >=(const std::shared_ptr<_Ty> &,std::nullptr_t) noexcept'
          D:\CS2040C\Assignments\Assignment 4\heap.hpp(70,24):
          'bool std::operator >=(const std::shared_ptr<_Ty> &,std::nullptr_t) noexcept': could not deduce template argument for 'const std::shared_ptr<_Ty> &' from 'T'
          with
          [
              T=Customer
          ]
      D:\Visual Studio\Visual Studio\VC\Tools\MSVC\14.41.34120\include\memory(1896,17):
      or       'bool std::operator >=(const std::shared_ptr<_Ty> &,const std::shared_ptr<_Ty0> &) noexcept'
          D:\CS2040C\Assignments\Assignment 4\heap.hpp(70,24):
          'bool std::operator >=(const std::shared_ptr<_Ty> &,const std::shared_ptr<_Ty0> &) noexcept': could not deduce template argument for 'const std::shared_ptr<_Ty> &' from 'T'
          with
          [
              T=Customer
          ]
      D:\Visual Studio\Visual Studio\VC\Tools\MSVC\14.41.34120\include\xstring(3348,17):
      or       'bool std::operator >=(const std::basic_string<_Elem,_Traits,_Alloc> &,const _Elem *const ) noexcept'
          D:\CS2040C\Assignments\Assignment 4\heap.hpp(70,24):
          'bool std::operator >=(const std::basic_string<_Elem,_Traits,_Alloc> &,const _Elem *const ) noexcept': could not deduce template argument for 'const std::basic_string<_Elem,_Traits,_Alloc> &' from 'T'
          with
          [
              T=Customer
          ]
      D:\Visual Studio\Visual Studio\VC\Tools\MSVC\14.41.34120\include\xstring(3342,17):
      or       'bool std::operator >=(const _Elem *const ,const std::basic_string<_Elem,_Traits,_Alloc> &) noexcept'
          D:\CS2040C\Assignments\Assignment 4\heap.hpp(70,24):
          'bool std::operator >=(const _Elem *const ,const std::basic_string<_Elem,_Traits,_Alloc> &) noexcept': could not deduce template argument for 'const _Elem *const ' from 'T'
          with
          [
              T=Customer
          ]
      D:\Visual Studio\Visual Studio\VC\Tools\MSVC\14.41.34120\include\xstring(3336,17):
      or       'bool std::operator >=(const std::basic_string<_Elem,_Traits,_Alloc> &,const std::basic_string<_Elem,_Traits,_Alloc> &) noexcept'
          D:\CS2040C\Assignments\Assignment 4\heap.hpp(70,24):
          'bool std::operator >=(const std::basic_string<_Elem,_Traits,_Alloc> &,const std::basic_string<_Elem,_Traits,_Alloc> &) noexcept': could not deduce template argument for 'const std::basic_string<_Elem,_Traits,_Alloc> &' from 'T'
          with
          [
              T=Customer
          ]
      D:\Visual Studio\Visual Studio\VC\Tools\MSVC\14.41.34120\include\vector(2351,30):
      or       'bool std::operator >=(const std::vector<_Ty,_Alloc> &,const std::vector<_Ty,_Alloc> &)'
          D:\CS2040C\Assignments\Assignment 4\heap.hpp(70,24):
          'bool std::operator >=(const std::vector<_Ty,_Alloc> &,const std::vector<_Ty,_Alloc> &)': could not deduce template argument for 'const std::vector<_Ty,_Alloc> &' from 'T'
          with
          [
              T=Customer
          ]
      D:\Visual Studio\Visual Studio\VC\Tools\MSVC\14.41.34120\include\xutility(4428,30):
      or       'bool std::operator >=(const std::move_iterator<_Iter> &,const std::move_iterator<_Iter2> &) noexcept(<expr>)'
          D:\CS2040C\Assignments\Assignment 4\heap.hpp(70,24):
          'bool std::operator >=(const std::move_iterator<_Iter> &,const std::move_iterator<_Iter2> &) noexcept(<expr>)': could not deduce template argument for 'const std::move_iterator<_Iter> &' from 'T'
          with
          [
              T=Customer
          ]
      D:\Visual Studio\Visual Studio\VC\Tools\MSVC\14.41.34120\include\xutility(1891,5):
      or       'bool std::operator >=(const std::reverse_iterator<_BidIt> &,const std::reverse_iterator<_BidIt2> &) noexcept(<expr>)'
          D:\CS2040C\Assignments\Assignment 4\heap.hpp(70,24):
          'bool std::operator >=(const std::reverse_iterator<_BidIt> &,const std::reverse_iterator<_BidIt2> &) noexcept(<expr>)': could not deduce template argument for 'const std::reverse_iterator<_BidIt> &' from 'T'
          with
          [
              T=Customer
          ]
      D:\Visual Studio\Visual Studio\VC\Tools\MSVC\14.41.34120\include\utility(519,27):
      or       'bool std::operator >=(const std::pair<_Ty1,_Ty2> &,const std::pair<_Uty1,_Uty2> &)'
          D:\CS2040C\Assignments\Assignment 4\heap.hpp(70,24):
          'bool std::operator >=(const std::pair<_Ty1,_Ty2> &,const std::pair<_Uty1,_Uty2> &)': could not deduce template argument for 'const std::pair<_Ty1,_Ty2> &' from 'T'
          with
          [
              T=Customer
          ]
      D:\CS2040C\Assignments\Assignment 4\heap.hpp(70,26):
      the template instantiation context (the oldest one first) is
          D:\CS2040C\Assignments\Assignment 4\queue_simulator.cpp(14,24):
          see reference to class template instantiation 'Heap<Customer>' being compiled
          D:\CS2040C\Assignments\Assignment 4\heap.hpp(80,37):
          while compiling class template member function 'void Heap<Customer>::insert(const T &)'
          with
          [
              T=Customer
          ]
              D:\CS2040C\Assignments\Assignment 4\queue_simulator.cpp(20,36):
              see the first reference to 'Heap<Customer>::insert' in 'QueueSimulator::simulateQueue'
          D:\CS2040C\Assignments\Assignment 4\heap.hpp(59,37):
          while compiling class template member function 'void Heap<Customer>::bubbleDown(int)'
              D:\CS2040C\Assignments\Assignment 4\heap.hpp(95,15):
              see the first reference to 'Heap<Customer>::bubbleDown' in 'Heap<Customer>::extractMax'
              D:\CS2040C\Assignments\Assignment 4\queue_simulator.cpp(25,50):
              see the first reference to 'Heap<Customer>::extractMax' in 'QueueSimulator::simulateQueue'
  
